app/build/outputs/mapping/release/seeds.txt
com.ghostgramlabs.speakalert.domain.models.RecurrenceType
com.ghostgramlabs.speakalert.ui.details.ReminderDetailsScreenKt$ReminderDetailsScreen$2$receiver$1
com.ghostgramlabs.speakalert.domain.models.MissedPolicy
com.ghostgramlabs.speakalert.ui.alert.ReminderAlertActivityKt$ReminderAlertContent$1$receiver$1
com.ghostgramlabs.speakalert.alarm.BootRescheduleWorker
com.ghostgramlabs.speakalert.widget.UpcomingRemindersRemoteViewsService
com.ghostgramlabs.speakalert.domain.models.RecurrenceModel$Custom
com.ghostgramlabs.speakalert.ui.settings.BatteryOptimizationGuideScreenKt$BatteryOptimizationGuideScreen$1$observer$1
com.ghostgramlabs.speakalert.MainActivity
com.ghostgramlabs.speakalert.widget.QuickReminderWidgetProvider
com.ghostgramlabs.speakalert.domain.models.RecurrenceEndRule
com.ghostgramlabs.speakalert.MainActivity$onCreate$1$1$observer$1
com.ghostgramlabs.speakalert.data.model.MissedReminderEntity
com.ghostgramlabs.speakalert.VoiceReminderApp
com.ghostgramlabs.speakalert.alarm.ReminderActionReceiver
com.ghostgramlabs.speakalert.domain.models.EndRuleType
com.ghostgramlabs.speakalert.data.database.AppDatabase_Impl
com.ghostgramlabs.speakalert.alarm.ReminderAlarmReceiver
com.ghostgramlabs.speakalert.domain.models.MonthlyVariant
com.ghostgramlabs.speakalert.data.model.ReminderEntity
com.ghostgramlabs.speakalert.ui.alert.ReminderAlertActivity
com.ghostgramlabs.speakalert.ui.home.HomeScreenKt$HomeScreen$1$receiver$1
com.ghostgramlabs.speakalert.service.ReminderPlaybackService
com.ghostgramlabs.speakalert.data.database.AppDatabase
com.ghostgramlabs.speakalert.domain.models.RecurrenceModel
com.ghostgramlabs.speakalert.ui.settings.SettingsScreenKt$SettingsScreen$2$observer$1
com.ghostgramlabs.speakalert.domain.models.TimeUnit
com.ghostgramlabs.speakalert.widget.UpcomingRemindersWidgetProvider
com.ghostgramlabs.speakalert.alarm.BootReceiver
com.ghostgramlabs.speakalert.domain.models.RecurrenceModel$Weekly
com.ghostgramlabs.speakalert.domain.models.RecurrenceModel$Monthly
com.ghostgramlabs.speakalert.domain.models.RecurrenceModel$Daily
com.ghostgramlabs.speakalert.domain.models.RecurrenceModel$Yearly
com.ghostgramlabs.speakalert.domain.models.RecurrenceType: com.ghostgramlabs.speakalert.domain.models.RecurrenceType NONE
com.ghostgramlabs.speakalert.data.model.ReminderEntity: int $stable
com.ghostgramlabs.speakalert.data.model.ReminderEntity: java.lang.Long snoozeUntil
com.ghostgramlabs.speakalert.domain.models.RecurrenceEndRule: int $stable
com.ghostgramlabs.speakalert.data.model.ReminderEntity: java.lang.String audioPath
com.ghostgramlabs.speakalert.domain.models.TimeUnit: com.ghostgramlabs.speakalert.domain.models.TimeUnit DAYS
com.ghostgramlabs.speakalert.data.model.ReminderEntity: com.ghostgramlabs.speakalert.domain.models.MissedPolicy missedPolicy
com.ghostgramlabs.speakalert.domain.models.RecurrenceModel$Weekly: java.util.Set daysOfWeek
com.ghostgramlabs.speakalert.domain.models.EndRuleType: com.ghostgramlabs.speakalert.domain.models.EndRuleType AFTER_OCCURRENCES
com.ghostgramlabs.speakalert.domain.models.MonthlyVariant: com.ghostgramlabs.speakalert.domain.models.MonthlyVariant DAY_OF_MONTH
com.ghostgramlabs.speakalert.domain.models.RecurrenceModel$Custom: com.ghostgramlabs.speakalert.domain.models.TimeUnit unit
com.ghostgramlabs.speakalert.data.model.MissedReminderEntity: long id
com.ghostgramlabs.speakalert.domain.models.MonthlyVariant: com.ghostgramlabs.speakalert.domain.models.MonthlyVariant LAST_DAY
com.ghostgramlabs.speakalert.domain.models.RecurrenceType: com.ghostgramlabs.speakalert.domain.models.RecurrenceType DAILY
com.ghostgramlabs.speakalert.domain.models.RecurrenceModel$Monthly: com.ghostgramlabs.speakalert.domain.models.MonthlyVariant variant
com.ghostgramlabs.speakalert.domain.models.TimeUnit: kotlin.enums.EnumEntries $ENTRIES
com.ghostgramlabs.speakalert.domain.models.RecurrenceModel$Monthly: java.util.Set daysOfMonth
...
androidx.compose.material3.AppBarKt$LargeTopAppBar$1: java.lang.Object invoke(java.lang.Object,java.lang.Object)
androidx.compose.ui.node.MeasureAndLayoutDelegate: void callOnLayoutCompletedListeners()
androidx.media3.session.MediaNotificationManager: void lambda$updateNotification$5(int,androidx.media3.session.MediaSession,androidx.media3.session.MediaNotification)
androidx.compose.ui.input.pointer.PointerInputChange: long getPreviousPosition-F1C5BW0()
androidx.compose.ui.graphics.Color: long access$getBlack$cp()
androidx.compose.ui.graphics.Vertices: float[] encodePointList(java.util.List)
androidx.compose.ui.node.LayoutNode: boolean remeasure-_Sx5XlM$ui_release$default(androidx.compose.ui.node.LayoutNode,androidx.compose.ui.unit.Constraints,int,java.lang.Object)
androidx.compose.ui.text.platform.AndroidDefaultTypeface: android.graphics.Typeface getNativeTypeface-PYhJU0U(androidx.compose.ui.text.font.FontWeight,int,int)
androidx.compose.material3.BottomSheetScaffoldKt$StandardBottomSheet$3$1$1$1$3: java.lang.Object invoke()
androidx.compose.ui.node.LayoutNodeLayoutDelegate$LookaheadPassDelegate: void setDuringAlignmentLinesQuery$ui_release(boolean)
androidx.compose.material3.InternalMutatorMutex$mutateWith$2: InternalMutatorMutex$mutateWith$2(androidx.compose.foundation.MutatePriority,androidx.compose.material3.InternalMutatorMutex,kotlin.jvm.functions.Function2,java.lang.Object,kotlin.coroutines.Continuation)
androidx.media3.exoplayer.analytics.DefaultAnalyticsCollector: void onMediaItemTransition(androidx.media3.common.MediaItem,int)
androidx.compose.material3.Strings: int access$getTimePickerPeriodToggle$cp()
androidx.compose.ui.unit.IntRect: int getLeft()
androidx.media3.exoplayer.MediaPeriodQueue: androidx.media3.exoplayer.MediaPeriodHolder getReadingPeriod()
androidx.media3.session.SessionCommands$Builder: androidx.media3.session.SessionCommands$Builder add(int)
androidx.compose.ui.platform.AndroidComposeView_androidKt: androidx.compose.ui.unit.LayoutDirection getLocaleLayoutDirection(android.content.res.Configuration)
androidx.compose.material3.DatePickerColors: androidx.compose.runtime.State dayContentColor$material3_release(boolean,boolean,boolean,boolean,androidx.compose.runtime.Composer,int)
androidx.media3.exoplayer.offline.DownloadService: int onStartCommand(android.content.Intent,int,int)
androidx.media3.exoplayer.trackselection.DefaultTrackSelector$Parameters: java.lang.String access$1600()
androidx.compose.ui.layout.SubcomposeLayoutKt$SubcomposeLayout$$inlined$ComposeNode$1: java.lang.Object invoke()
androidx.compose.material3.ButtonDefaults: androidx.compose.material3.ButtonColors outlinedButtonColors-ro_MJ88(long,long,long,long,androidx.compose.runtime.Composer,int,int)
androidx.media3.exoplayer.ExoPlayerImpl: void addMediaSources(java.util.List)
androidx.compose.material3.tokens.FilledTonalIconButtonTokens: androidx.compose.material3.tokens.ColorSchemeKeyTokens getSelectedContainerColor()
androidx.compose.ui.draw.DrawWithCacheElement: void update(androidx.compose.ui.draw.CacheDrawModifierNodeImpl)
androidx.media3.exoplayer.video.DecoderVideoRenderer: void handleMessage(int,java.lang.Object)
androidx.compose.material3.tokens.FilledIconButtonTokens: androidx.compose.material3.tokens.ColorSchemeKeyTokens getSelectedContainerColor()
androidx.compose.ui.focus.FocusRequesterModifier: boolean access$all$jd(androidx.compose.ui.focus.FocusRequesterModifier,kotlin.jvm.functions.Function1)
androidx.media3.session.MediaControllerImplLegacy: void access$000(androidx.media3.session.MediaControllerImplLegacy,android.support.v4.media.session.MediaSessionCompat$Token)
androidx.media3.common.util.RunnableFutureTask: boolean isDone()
androidx.compose.ui.layout.MeasureScope: float access$toPx-0680j_4$jd(androidx.compose.ui.layout.MeasureScope,float)