app/build/outputs/mapping/release/usage.txt
com.ghostgramlabs.speakalert.BuildConfig
com.ghostgramlabs.speakalert.MainActivity:
    public static final int $stable
com.ghostgramlabs.speakalert.R$color
com.ghostgramlabs.speakalert.R$drawable:
    public static int ic_launcher_foreground
    public static int widget_action_button
    public static int widget_item_surface
    public static int widget_surface
    private void <init>()
com.ghostgramlabs.speakalert.R$id:
    public static int quick_widget_caption
    public static int quick_widget_subtitle
    public static int quick_widget_title
    public static int upcoming_subtitle
    private void <init>()
com.ghostgramlabs.speakalert.R$layout:
    private void <init>()
com.ghostgramlabs.speakalert.R$mipmap
com.ghostgramlabs.speakalert.R$string
com.ghostgramlabs.speakalert.R$style
com.ghostgramlabs.speakalert.R$xml
com.ghostgramlabs.speakalert.R
com.ghostgramlabs.speakalert.StartupPromptState:
    public final boolean component1()
    public final java.lang.String component2()
    public final com.ghostgramlabs.speakalert.StartupPromptState copy(boolean,java.lang.String)
    public static synthetic com.ghostgramlabs.speakalert.StartupPromptState copy$default(com.ghostgramlabs.speakalert.StartupPromptState,boolean,java.lang.String,int,java.lang.Object)
com.ghostgramlabs.speakalert.alarm.BootReceiver:
    public static final int $stable
com.ghostgramlabs.speakalert.alarm.BootRescheduleWorker:
    public static final int $stable
    public static final java.lang.String KEY_TRIGGER_ACTION
    public static final java.lang.String WORK_NAME
com.ghostgramlabs.speakalert.alarm.FollowUpAlarmScheduler:
    public static final int $stable
    private static final int REQUEST_CODE_OFFSET
com.ghostgramlabs.speakalert.alarm.NotificationHelper:
    public static final java.lang.String CHANNEL_ID
    private static final java.lang.String TAG
    public static final java.lang.String TONE_ONLY_CHANNEL_ID
com.ghostgramlabs.speakalert.alarm.ReminderActionReceiver:
    public static final int $stable
com.ghostgramlabs.speakalert.alarm.ReminderAlarmReceiver:
    public static final int $stable
    private static final long GRACE_WINDOW_CALENDAR_MS
    private static final long GRACE_WINDOW_INTERVAL_MS
com.ghostgramlabs.speakalert.alarm.ReminderAlertPayload:
    public final java.lang.String component1()
    public final java.lang.String component2()
    public final java.lang.String component3()
    public final java.lang.String component4()
    public final boolean component5()
    public final boolean component6()
    public final com.ghostgramlabs.speakalert.alarm.ReminderAlertPayload copy(java.lang.String,java.lang.String,java.lang.String,java.lang.String,boolean,boolean)
    public static synthetic com.ghostgramlabs.speakalert.alarm.ReminderAlertPayload copy$default(com.ghostgramlabs.speakalert.alarm.ReminderAlertPayload,java.lang.String,java.lang.String,java.lang.String,java.lang.String,boolean,boolean,int,java.lang.Object)
com.ghostgramlabs.speakalert.alarm.ToneAlertPlayer:
    public static synthetic void start$default(com.ghostgramlabs.speakalert.alarm.ToneAlertPlayer,android.content.Context,int,java.lang.String,int,java.lang.Object)
com.ghostgramlabs.speakalert.audio.AndroidAudioPlayer:
    public void pause()
    public void resume()
com.ghostgramlabs.speakalert.audio.AudioPlayer:
    public abstract kotlin.jvm.functions.Function0 getOnCompletion()
    public abstract void pause()
    public abstract void resume()
com.ghostgramlabs.speakalert.data.database.AppDatabase:
    public static final int $stable
com.ghostgramlabs.speakalert.data.database.AppDatabase_Impl:
    public void clearAllTables()
com.ghostgramlabs.speakalert.data.database.ReminderDao:
    public abstract java.lang.Object deleteReminderById(long,kotlin.coroutines.Continuation)
    public abstract kotlinx.coroutines.flow.Flow getActiveReminders()
    public abstract kotlinx.coroutines.flow.Flow getCompletedReminders()
...
androidx.compose.material.icons.twotone.TagKt
androidx.compose.material.icons.twotone.TakeoutDiningKt
androidx.compose.material.icons.twotone.TapAndPlayKt
androidx.compose.material.icons.twotone.TapasKt
androidx.compose.material.icons.twotone.TaskAltKt
androidx.compose.material.icons.twotone.TaskKt
androidx.compose.material.icons.twotone.TaxiAlertKt
androidx.compose.material.icons.twotone.TempleBuddhistKt
androidx.compose.material.icons.twotone.TempleHinduKt
androidx.compose.material.icons.twotone.TerminalKt
androidx.compose.material.icons.twotone.TerrainKt
androidx.compose.material.icons.twotone.TextDecreaseKt
androidx.compose.material.icons.twotone.TextFieldsKt
androidx.compose.material.icons.twotone.TextFormatKt
androidx.compose.material.icons.twotone.TextIncreaseKt
androidx.compose.material.icons.twotone.TextRotateUpKt
androidx.compose.material.icons.twotone.TextRotateVerticalKt
androidx.compose.material.icons.twotone.TextRotationAngledownKt
androidx.compose.material.icons.twotone.TextRotationAngleupKt
androidx.compose.material.icons.twotone.TextRotationDownKt
androidx.compose.material.icons.twotone.TextRotationNoneKt
androidx.compose.material.icons.twotone.TextSnippetKt
androidx.compose.material.icons.twotone.TextsmsKt
androidx.compose.material.icons.twotone.TextureKt
androidx.compose.material.icons.twotone.TheaterComedyKt
androidx.compose.material.icons.twotone.TheatersKt
androidx.compose.material.icons.twotone.ThermostatAutoKt
androidx.compose.material.icons.twotone.ThermostatKt
androidx.compose.material.icons.twotone.ThumbDownAltKt
androidx.compose.material.icons.twotone.ThumbDownKt
androidx.compose.material.icons.twotone.ThumbDownOffAltKt
androidx.compose.material.icons.twotone.ThumbUpAltKt
androidx.compose.material.icons.twotone.ThumbUpKt
androidx.compose.material.icons.twotone.ThumbUpOffAltKt
androidx.compose.material.icons.twotone.ThumbsUpDownKt
androidx.compose.material.icons.twotone.ThunderstormKt
androidx.compose.material.icons.twotone.TimeToLeaveKt
androidx.compose.material.icons.twotone.TimelapseKt
androidx.compose.material.icons.twotone.TimelineKt
androidx.compose.material.icons.twotone.Timer10Kt
androidx.compose.material.icons.twotone.Timer10SelectKt
androidx.compose.material.icons.twotone.Timer3Kt
androidx.compose.material.icons.twotone.Timer3SelectKt
androidx.compose.material.icons.twotone.TimerKt
androidx.compose.material.icons.twotone.TimerOffKt
androidx.compose.material.icons.twotone.TipsAndUpdatesKt
androidx.compose.material.icons.twotone.TireRepairKt
androidx.compose.material.icons.twotone.TitleKt
androidx.compose.material.icons.twotone.TocKt
androidx.compose.material.icons.twotone.TodayKt
androidx.compose.material.icons.twotone.ToggleOffKt
androidx.compose.material.icons.twotone.ToggleOnKt
androidx.compose.material.icons.twotone.TokenKt
androidx.compose.material.icons.twotone.TollKt
androidx.compose.material.icons.twotone.TonalityKt
androidx.compose.material.icons.twotone.TopicKt
androidx.compose.material.icons.twotone.TornadoKt
androidx.compose.material.icons.twotone.TouchAppKt
androidx.compose.material.icons.twotone.TourKt
androidx.compose.material.icons.twotone.ToysKt
androidx.compose.material.icons.twotone.TrackChangesKt
androidx.compose.material.icons.twotone.TrafficKt
androidx.compose.material.icons.twotone.TrainKt
androidx.compose.material.icons.twotone.TramKt
androidx.compose.material.icons.twotone.TranscribeKt
androidx.compose.material.icons.twotone.TransferWithinAStationKt
androidx.compose.material.icons.twotone.TransformKt
androidx.compose.material.icons.twotone.TransgenderKt
androidx.compose.material.icons.twotone.TransitEnterexitKt
androidx.compose.material.icons.twotone.TranslateKt
androidx.compose.material.icons.twotone.TravelExploreKt
androidx.compose.material.icons.twotone.TrendingDownKt
androidx.compose.material.icons.twotone.TrendingFlatKt
androidx.compose.material.icons.twotone.TrendingUpKt
androidx.compose.material.icons.twotone.TripOriginKt